[     770ms] [VERBOSE] [DOM] Input elements should have autocomplete attributes (suggested: "current-password"): (More info: https://goo.gl/9p2vKq) %o @ https://www.instagram.com/:0
[     852ms] [LOG] 
%c잠깐만! font-family:helvetica; font-size:20px; font-size:50px; font-weight:bold; color:red; -webkit-text-stroke:1px black; @ https://static.cdninstagram.com/rsrc.php/v4/yD/r/J6C86az-0qm.js:246
[     852ms] [LOG] 
%c이 기능은 개발자용으로 브라우저에서 제공되는 내용입니다. 누군가 Instagram 기능을 사용하거나 다른 사람의 계정을 '해킹'하기 위해 여기에 특정 콘텐츠를 복사하여 붙여넣으라고 했다면 사기 행위로 간주하세요. 이 기능은 회원님의 Instagram 계정에 대한 액세스 권한을 상대편에게 부여하는 것입니다. font-family:helvetica; font-size:20px;  @ https://static.cdninstagram.com/rsrc.php/v4/yD/r/J6C86az-0qm.js:246
[     852ms] [LOG] 
%c자세한 정보는 https://www.facebook.com/selfxss를 참고하세요. font-family:helvetica; font-size:20px;  @ https://static.cdninstagram.com/rsrc.php/v4/yD/r/J6C86az-0qm.js:246
[     852ms] [LOG] 
%c  @ https://static.cdninstagram.com/rsrc.php/v4/yD/r/J6C86az-0qm.js:246
[    1040ms] [INFO] Banner not shown: beforeinstallpromptevent.preventDefault() called. The page must call beforeinstallpromptevent.prompt() to show the banner. @ https://www.instagram.com/:0
[   30032ms] [ERROR] ErrorUtils caught an error:

Missing cryptedUid for successful web login

Subsequent non-fatal errors won't be logged; see https://fburl.com/debugjs. {column: 17878, clientTime: 1783681131, extra: Object, guardList: Array(1), hash: r0wyk5} @ https://static.cdninstagram.com/rsrc.php/v4/yD/r/J6C86az-0qm.js:79
[   30807ms] [INFO] Banner not shown: beforeinstallpromptevent.preventDefault() called. The page must call beforeinstallpromptevent.prompt() to show the banner. @ https://www.instagram.com/auth_platform/recaptcha/?apc=Q8HeCgOwgUYh-dUXweN-X-HydVA9PKmVa6BblkH4XWWAU_SKxdsGTTjP124hpWn_XJ2VriB1WHJ4yG19W5C5tlOsfwspAVlut9cqNqpfH8MrGttkwVuQ7K44FGra73Op6HjPsPz1Ba7-FnoeRyLSwvNtDtEkqFLzLdQJIpd9-Wga3e26LX6rYf3eWiPohsSdUbaSizODTINoJDtFEGSRkD1mf0nC2spBKaqaCjNA_fKbdP5l_9sZUCyZSKIa1AmDu14DUtt7gtAgcJH2OeKiA-mcrqUcWLJTOL7gEdxtHFIqB7sx-71yLERiQlaLaEZAMbdrK5ZZH6aY5OTzUEbnOrfGgKSnI2_iDCEw2iihho-7MScCeI1KVbNTz-MSLBe7cv3kD9UiUjE6TvimLhwMENfr1PWjajqDQ5hSZIppRliErzLmZqWi_Wi9iaCK6JDBk_3BJJq2VcjuEv0ryYCKsXj5uwk8oDyn-No0sSOc_NPqtMcBGJUZkqB-HDDhH3iCWXhd_Ibhk8mewTi3NtgBWnzoT6zRoO9_MTwNA2bt_7xIDeY2Pneq3miMuSqpgVywYv9ykXe13tZ48OymrQDEtWF_PAxCMZpHdisa7DxqblEql5nKTJwpSlY8V78AfJfVAxBYLhwqkgBeJF-4f1Yj-7zY9h2bgth8tzx0gmOog-JLLBFrV-FYeVwr1vkUXvsTprlEwdNu6ymzoh8MCqJDptZwgcG6Iq7V88vQ04tJdWG7beeTd-wY6YnjJiZLG4BXQVckbJImIvoPeSIBXQe5KqQvtVb67q3RpsEA-NZIAcspDaDImAF_FZKvbG8h0LDMzMRPfouMWS8fN_l0nlvLoUqkZBMXjj3tPqPH5chtAK7h5jhJdUqMUKttyAQeKizi0LQZqSOxIc7lpEIWZpuIMKw3NtPUgMiOLjxT4gX1NJJD1VDkjyFg5m_jeG3p3o9UOEVOCTVoVm1NAYz3a_QIJdtwX3gPOvlbl-6R-q_Hf6Hl27JFlcFdPPpEAdHChl6i4LPfG23pXY5fM55iX5EVIDVPGYUcRXOT3IMKdTgpwQjQ2cJDGPq-HNe0uAnjUgrC5jb2geRo400JPgOcxuRNMrvuxx-gK-rEh2ZYNR2zvSKUYEr__3DHF_qYvYjY9hByqLVWOS4R2pRzoMaVA0APWQaP4_0PbgzozgQCBThy5jBJcqeP2-1e5q20f67FIcISYuqhOspE_epkbYmD1KoYNWGOSE9UCYXOVcJiCv5Qc7CFH44HzGvSU145k_50vkMi0CxWDSYKK2asMzac_iTWHsQyyIxfhdWwFhJGwAVE0OJnzFb9Bya4m2kwCVioTDeEW6vaVw_j7rfwP0FA5QMGAcbzJWgB1ab5nAwkCRz9M4-j_XuwX-aAD7hX9oldftPoMHe1xTpb52GymaavyH0S8NAKi8Kj6neVuRHRuYrCWAAgjdEbIZFVfXvSOyF1DhTlSZ5PCHIEkwHh-e8NmtqQV-gfoWjoJw7xqiguSA0dOdl7-eD8FngMR1OGGgrUNApW-bf5h1BrKYfFncZ7zteDGIR0UHohijrq4B2AH1aNtyU8SoS_spyQzD1gcE51DdDFlz6i3g4t6bXneeHk9ssLJ4PykdEsHT4jPTaJo03oT8bjMFHX0s_0d6FoW8tKlluo3V-RDft56xv9S6xfP5WUYgZ-whgSbQNBIIISrigpRdaVFhF_ZsjmZobWqhGQvWKRkjSD1fZM23CsUXCcMn4OWymyEWCguxR3CmQc4YgkrdHgScUdhe4G4Wmbp3p2rqO31i4nA9TgZGoSwqNLHzuHitRyX38MsBuFMhFpRqyfFzrTgqC7WyDNsC8anwmR_Uo4h1Ei7Nr7tdngNu5IXwg_nhn-l3utZpDF9mgYN2xcF9L4CJyM1e6E8tDMDMqarehzb-Fz1kl2BAsfK3I6-QzZP9rAVDSAY1aXb3vYhjhL3v-2S1nUtuTqAAF8CU1CfukPTAQzpAM5fZB1wRrDadVhjh11gPYG-OOel5Dlxcku-ZTpup9oamNp5eb6BvXtQHN6iLpao42Ux7UiMYdh1lXIvtWMVkaHN5JltHQ2WqJJZz8I-uJHPwbSE4aO0u3yf8KovgT2OU1bHIFaqAxO7K5Fey-O3r7XqyxyVti6pOHWFWtiTeT_oZ7iFzq-j9MaABu39dtxWNYEtp_rqDA7B7_Lp878UIpUvfYpda4p0RotYbr51MGuzOnK-Zr6zZLFVjkRkZgV2d0jPw8PDx1OOuKuOPAkgkvnapbVYnh7uaFE_KBu3TttcQGTBxCbOWTBosDL98neOCm1mr61vE7ic3jdFkJ1bVyUd4DNEjG5v81wuuP286L1qN3jl4UWvXz65xta6wIZmXd4VIJa2cfCTEgrV9oRkvvL_eR8o7H5lhuUcUTJmLfKz52ES0Zd9iOqmBytd7taUtyl9M7PjCT_ZHsiCCRTiHYrBkltu_vmOcoP-DOHeopx5nvBu_Cxr3khW-HyZhHMxFgTUnL4H0dxiS0YeR4Ffc2hbgF84kHhrL_q_AkjI8iLXcSZOueQGbYPGwEeX4Hu07qUVElJdL_F3ccg0wiNlyOZ_-q2iEi0z_Nbwr4d_QOivJD34mcW0j6VdG0-CRV1Ry9yXHZ6Yz2QnmFEig74JTm_HSqFL0J0RKmuCPnTsIiIIslFqjLqzZ4%7Capas&device_id=alDQTgALAAHXGKgXgSE7SZMntmUw:0
[   30840ms] [LOG] 
%c잠깐만! font-family:helvetica; font-size:20px; font-size:50px; font-weight:bold; color:red; -webkit-text-stroke:1px black; @ https://static.cdninstagram.com/rsrc.php/v4/yD/r/J6C86az-0qm.js:246
[   30840ms] [LOG] 
%c이 기능은 개발자용으로 브라우저에서 제공되는 내용입니다. 누군가 Instagram 기능을 사용하거나 다른 사람의 계정을 '해킹'하기 위해 여기에 특정 콘텐츠를 복사하여 붙여넣으라고 했다면 사기 행위로 간주하세요. 이 기능은 회원님의 Instagram 계정에 대한 액세스 권한을 상대편에게 부여하는 것입니다. font-family:helvetica; font-size:20px;  @ https://static.cdninstagram.com/rsrc.php/v4/yD/r/J6C86az-0qm.js:246
[   30840ms] [LOG] 
%c자세한 정보는 https://www.facebook.com/selfxss를 참고하세요. font-family:helvetica; font-size:20px;  @ https://static.cdninstagram.com/rsrc.php/v4/yD/r/J6C86az-0qm.js:246
[   30840ms] [LOG] 
%c  @ https://static.cdninstagram.com/rsrc.php/v4/yD/r/J6C86az-0qm.js:246
[   31726ms] [ERROR] Permissions policy violation: unload is not allowed in this document. @ https://static.xx.fbcdn.net/rsrc.php/v4/yg/r/aagKetQAIxs.js:322
[   36736ms] [WARNING] Blocked aria-hidden on an element because its descendant retained focus. The focus must not be hidden from assistive technology users. Avoid using aria-hidden on a focused element or its ancestor. Consider using the inert attribute instead, which will also prevent focus. For more details, see the aria-hidden section of the WAI-ARIA specification at https://w3c.github.io/aria/#aria-hidden.
Element with focus: <td.rc-imageselect-tile#6>
Ancestor with aria-hidden: <div.rc-imageselect-target#rc-imageselect-target> @ https://www.google.com/recaptcha/enterprise/bframe?hl=ko&v=TnA7HacJFoDyljdc3L82L3Rh&k=6LeyIlkaAAAAAE-EjcALU28lwxWPusUvGL3e0avS&bft=0dAFcWeA77cwn_MO_LZ7C2t1pLsOGQ1EO57YEWuo7_0U4FpDftRyRL-ONyt8lMkj4SEv-qRhRwPckbI9dyYpqNhv-T-l08KvetRQ:0
[   57922ms] [WARNING] Blocked aria-hidden on an element because its descendant retained focus. The focus must not be hidden from assistive technology users. Avoid using aria-hidden on a focused element or its ancestor. Consider using the inert attribute instead, which will also prevent focus. For more details, see the aria-hidden section of the WAI-ARIA specification at https://w3c.github.io/aria/#aria-hidden.
Element with focus: <td.rc-imageselect-tile#5>
Ancestor with aria-hidden: <div.rc-imageselect-target#rc-imageselect-target> @ https://www.google.com/recaptcha/enterprise/bframe?hl=ko&v=TnA7HacJFoDyljdc3L82L3Rh&k=6LeyIlkaAAAAAE-EjcALU28lwxWPusUvGL3e0avS&bft=0dAFcWeA77cwn_MO_LZ7C2t1pLsOGQ1EO57YEWuo7_0U4FpDftRyRL-ONyt8lMkj4SEv-qRhRwPckbI9dyYpqNhv-T-l08KvetRQ:0
[   78654ms] [INFO] Banner not shown: beforeinstallpromptevent.preventDefault() called. The page must call beforeinstallpromptevent.prompt() to show the banner. @ https://www.instagram.com/accounts/onetap/:0
[   78719ms] [LOG] 
%c잠깐만! font-family:helvetica; font-size:20px; font-size:50px; font-weight:bold; color:red; -webkit-text-stroke:1px black; @ https://static.cdninstagram.com/rsrc.php/v4/yD/r/J6C86az-0qm.js:246
[   78719ms] [LOG] 
%c이 기능은 개발자용으로 브라우저에서 제공되는 내용입니다. 누군가 Instagram 기능을 사용하거나 다른 사람의 계정을 '해킹'하기 위해 여기에 특정 콘텐츠를 복사하여 붙여넣으라고 했다면 사기 행위로 간주하세요. 이 기능은 회원님의 Instagram 계정에 대한 액세스 권한을 상대편에게 부여하는 것입니다. font-family:helvetica; font-size:20px;  @ https://static.cdninstagram.com/rsrc.php/v4/yD/r/J6C86az-0qm.js:246
[   78719ms] [LOG] 
%c자세한 정보는 https://www.facebook.com/selfxss를 참고하세요. font-family:helvetica; font-size:20px;  @ https://static.cdninstagram.com/rsrc.php/v4/yD/r/J6C86az-0qm.js:246
[   78719ms] [LOG] 
%c  @ https://static.cdninstagram.com/rsrc.php/v4/yD/r/J6C86az-0qm.js:246
[   79539ms] [ERROR] ErrorUtils caught an error:

GraphQL operation responded with error 1675030: 쿼리를 수행하는 중 오류가 발생했습니다. (Operation: PolarisStoriesV3TrayContainerQuery)
 [Caught in: unexpected]

Subsequent non-fatal errors won't be logged; see https://fburl.com/debugjs. {column: 241, clientTime: 1783681181, extra: Object, guardList: Array(0), hash: aihxfq} @ https://static.cdninstagram.com/rsrc.php/v4/yD/r/J6C86az-0qm.js:79
[   82946ms] [LOG] 
%c잠깐만! font-family:helvetica; font-size:20px; font-size:50px; font-weight:bold; color:red; -webkit-text-stroke:1px black; @ https://static.cdninstagram.com/rsrc.php/v4/yD/r/J6C86az-0qm.js:246
[   82946ms] [LOG] 
%c이 기능은 개발자용으로 브라우저에서 제공되는 내용입니다. 누군가 Instagram 기능을 사용하거나 다른 사람의 계정을 '해킹'하기 위해 여기에 특정 콘텐츠를 복사하여 붙여넣으라고 했다면 사기 행위로 간주하세요. 이 기능은 회원님의 Instagram 계정에 대한 액세스 권한을 상대편에게 부여하는 것입니다. font-family:helvetica; font-size:20px;  @ https://static.cdninstagram.com/rsrc.php/v4/yD/r/J6C86az-0qm.js:246
[   82946ms] [LOG] 
%c자세한 정보는 https://www.facebook.com/selfxss를 참고하세요. font-family:helvetica; font-size:20px;  @ https://static.cdninstagram.com/rsrc.php/v4/yD/r/J6C86az-0qm.js:246
[   82946ms] [LOG] 
%c  @ https://static.cdninstagram.com/rsrc.php/v4/yD/r/J6C86az-0qm.js:246
[   83290ms] [INFO] Banner not shown: beforeinstallpromptevent.preventDefault() called. The page must call beforeinstallpromptevent.prompt() to show the banner. @ https://www.instagram.com/:0
[   86679ms] [ERROR] Permissions policy violation: unload is not allowed in this document. @ https://static.xx.fbcdn.net/rsrc.php/v4/yD/r/J6C86az-0qm.js:242
